<?xml version="1.0" encoding="UTF-8" ?>
<testsuite errors="0" failures="0" hostname="RubenLap" name="Hospital.Schedules.Constraints.Priority.PriorityConstraintTest" tests="2" time="0.153" timestamp="2012-04-20T13:24:15">
  <properties>
[...]
</properties>
  <testcase classname="Hospital.Schedules.Constraints.Priority.PriorityConstraintTest" name="testPreemption" time="0.066" />
  <testcase classname="Hospital.Schedules.Constraints.Priority.PriorityConstraintTest" name="testNoPreemption" time="0.015" />
  <system-out><![CDATA[]]></system-out>
  <system-err><![CDATA[]]></system-err>
</testsuite>
